0 info it worked if it ends with ok
1 verbose cli [ 'D:\\Program Files\\nodejs\\node.exe',
1 verbose cli   'D:\\Program Files\\nodejs\\node_modules\\npm\\bin\\npm-cli.js',
1 verbose cli   'start' ]
2 info using npm@3.8.9
3 info using node@v6.2.0
4 verbose run-script [ 'prestart', 'start', 'poststart' ]
5 info lifecycle hymapserver@0.0.0~prestart: hymapserver@0.0.0
6 silly lifecycle hymapserver@0.0.0~prestart: no script for prestart, continuing
7 info lifecycle hymapserver@0.0.0~start: hymapserver@0.0.0
8 verbose lifecycle hymapserver@0.0.0~start: unsafe-perm in lifecycle true
9 verbose lifecycle hymapserver@0.0.0~start: PATH: D:\Program Files\nodejs\node_modules\npm\bin\node-gyp-bin;H:\work\hyMapServer\node_modules\.bin;D:\Program Files\nodejs;C:\ProgramData\Oracle\Java\javapath;C:\Program Files\Java\jdk1.8.0_31\bin;C:\Windows;C:\Windows\system32;C:\Windows\System32\Wbem;C:\Windows\System32\WindowsPowerShell\v1.0\;C:\Program Files (x86)\NVIDIA Corporation\PhysX\Common;D:\Program Files\TortoiseSVN\bin;D:\Program Files\apache-maven-3.3.9\bin;D:\Program Files\apache-maven-3.3.9\bin;d:\Program Files\Git\cmd;C:\WINDOWS\system32;C:\WINDOWS;C:\WINDOWS\System32\Wbem;C:\WINDOWS\System32\WindowsPowerShell\v1.0\;D:\Program Files\nodejs\;C:\Program Files\Intel\WiFi\bin\;C:\Program Files\Common Files\Intel\WirelessCommon\;D:\Program Files\Git\bin;C:\Users\admin\AppData\Local\Microsoft\WindowsApps;C:\Users\admin\AppData\Roaming\npm;D:\Program Files\SSH Communications Security\SSH Secure Shell;C:\Program Files\Intel\WiFi\bin\;C:\Program Files\Common Files\Intel\WirelessCommon\
10 verbose lifecycle hymapserver@0.0.0~start: CWD: H:\work\hyMapServer
11 silly lifecycle hymapserver@0.0.0~start: Args: [ '/d /s /c', 'node-dev ./bin/www' ]
12 silly lifecycle hymapserver@0.0.0~start: Returned: code: 1  signal: null
13 info lifecycle hymapserver@0.0.0~start: Failed to exec start script
14 verbose stack Error: hymapserver@0.0.0 start: `node-dev ./bin/www`
14 verbose stack Exit status 1
14 verbose stack     at EventEmitter.<anonymous> (D:\Program Files\nodejs\node_modules\npm\lib\utils\lifecycle.js:245:16)
14 verbose stack     at emitTwo (events.js:106:13)
14 verbose stack     at EventEmitter.emit (events.js:191:7)
14 verbose stack     at ChildProcess.<anonymous> (D:\Program Files\nodejs\node_modules\npm\lib\utils\spawn.js:24:14)
14 verbose stack     at emitTwo (events.js:106:13)
14 verbose stack     at ChildProcess.emit (events.js:191:7)
14 verbose stack     at maybeClose (internal/child_process.js:850:16)
14 verbose stack     at Process.ChildProcess._handle.onexit (internal/child_process.js:215:5)
15 verbose pkgid hymapserver@0.0.0
16 verbose cwd H:\work\hyMapServer
17 error Windows_NT 10.0.14393
18 error argv "D:\\Program Files\\nodejs\\node.exe" "D:\\Program Files\\nodejs\\node_modules\\npm\\bin\\npm-cli.js" "start"
19 error node v6.2.0
20 error npm  v3.8.9
21 error code ELIFECYCLE
22 error hymapserver@0.0.0 start: `node-dev ./bin/www`
22 error Exit status 1
23 error Failed at the hymapserver@0.0.0 start script 'node-dev ./bin/www'.
23 error Make sure you have the latest version of node.js and npm installed.
23 error If you do, this is most likely a problem with the hymapserver package,
23 error not with npm itself.
23 error Tell the author that this fails on your system:
23 error     node-dev ./bin/www
23 error You can get information on how to open an issue for this project with:
23 error     npm bugs hymapserver
23 error Or if that isn't available, you can get their info via:
23 error     npm owner ls hymapserver
23 error There is likely additional logging output above.
24 verbose exit [ 1, true ]
